[26 Dec 19:12] *** You connected
[26 Dec 19:12] --> You joined the channel
[26 Dec 19:40] *** You disconnected
[26 Dec 19:40] *** You connected
[26 Dec 20:01] *** You disconnected
[26 Dec 20:37] --> rkowalick (~rkowalick@ool-ad030c2c.dyn.optonline.net) joined the channel
[26 Dec 20:38] <rkowalick!~rkowalick@ool-ad030c2c.dyn.optonline.net> hey
[26 Dec 20:43] --> kisonecat_ (~kisonecat@d118-75-47-171.try.wideopenwest.com) joined the channel
[26 Dec 20:43] <rkowalick!~rkowalick@ool-ad030c2c.dyn.optonline.net> hey
[26 Dec 21:02] <kisonecat_!~kisonecat@d118-75-47-171.try.wideopenwest.com> Hey Ryan
[26 Dec 21:02] <rkowalick!~rkowalick@ool-ad030c2c.dyn.optonline.net> how is it going?
[26 Dec 21:03] <kisonecat_!~kisonecat@d118-75-47-171.try.wideopenwest.com> Pretty good
[26 Dec 21:03] <kisonecat_!~kisonecat@d118-75-47-171.try.wideopenwest.com> I will be back at school tomorrow 
[26 Dec 21:03] --> steeeeeve (6cd5d44a@gateway/web/freenode/ip.108.213.212.74) joined the channel
[26 Dec 21:03] <rkowalick!~rkowalick@ool-ad030c2c.dyn.optonline.net> i'm coming back to ohio on friday
[26 Dec 21:03] <kisonecat_!~kisonecat@d118-75-47-171.try.wideopenwest.com> No daycare today
[26 Dec 21:03] <steeeeeve!6cd5d44a@gateway/web/freenode/ip.108.213.212.74> hey ryan
[26 Dec 21:03] <rkowalick!~rkowalick@ool-ad030c2c.dyn.optonline.net> hey steve
[26 Dec 21:04] <kisonecat_!~kisonecat@d118-75-47-171.try.wideopenwest.com> Oh maybe I will see you
[26 Dec 21:04] <steeeeeve!6cd5d44a@gateway/web/freenode/ip.108.213.212.74> I am leaving C-bus tomorrow
[26 Dec 21:04] <rkowalick!~rkowalick@ool-ad030c2c.dyn.optonline.net> oh
[26 Dec 21:04] <kisonecat_!~kisonecat@d118-75-47-171.try.wideopenwest.com> I leave Saturday
[26 Dec 21:04] <rkowalick!~rkowalick@ool-ad030c2c.dyn.optonline.net> you were there during xmas?
[26 Dec 21:04] <steeeeeve!6cd5d44a@gateway/web/freenode/ip.108.213.212.74> and am in cleveland until school starts
[26 Dec 21:04] <rkowalick!~rkowalick@ool-ad030c2c.dyn.optonline.net> okay
[26 Dec 21:04] <steeeeeve!6cd5d44a@gateway/web/freenode/ip.108.213.212.74> ya, lorna had vet duties
[26 Dec 21:05] <kisonecat_!~kisonecat@d118-75-47-171.try.wideopenwest.com> Dfsdfhfddfhjkgjhgh
[26 Dec 21:05] <steeeeeve!6cd5d44a@gateway/web/freenode/ip.108.213.212.74> fgdsfgsdgfgfff???
[26 Dec 21:05] <rkowalick!~rkowalick@ool-ad030c2c.dyn.optonline.net> sarah?
[26 Dec 21:05] <kisonecat_!~kisonecat@d118-75-47-171.try.wideopenwest.com> I w xxzhz ysezxx cfyxxx yes. 
[26 Dec 21:06] <rkowalick!~rkowalick@ool-ad030c2c.dyn.optonline.net> so
[26 Dec 21:06] <rkowalick!~rkowalick@ool-ad030c2c.dyn.optonline.net> what needs to be done
[26 Dec 21:06] <rkowalick!~rkowalick@ool-ad030c2c.dyn.optonline.net> where can I find such a list?
[26 Dec 21:06] <kisonecat_!~kisonecat@d118-75-47-171.try.wideopenwest.com> I will be done with video on Friday
[26 Dec 21:06] <rkowalick!~rkowalick@ool-ad030c2c.dyn.optonline.net> if such a thing exists
[26 Dec 21:06] <kisonecat_!~kisonecat@d118-75-47-171.try.wideopenwest.com> There is no list
[26 Dec 21:06] <rkowalick!~rkowalick@ool-ad030c2c.dyn.optonline.net> I think one should be made
[26 Dec 21:06] <kisonecat_!~kisonecat@d118-75-47-171.try.wideopenwest.com> But a rake task
[26 Dec 21:07] <rkowalick!~rkowalick@ool-ad030c2c.dyn.optonline.net> a checklist of sorts
[26 Dec 21:08] <kisonecat_!~kisonecat@d118-75-47-171.try.wideopenwest.com> I agree
[26 Dec 21:08] <rkowalick!~rkowalick@ool-ad030c2c.dyn.optonline.net> You are the manager
[26 Dec 21:08] <rkowalick!~rkowalick@ool-ad030c2c.dyn.optonline.net> well
[26 Dec 21:08] <rkowalick!~rkowalick@ool-ad030c2c.dyn.optonline.net> the de facto one
[26 Dec 21:08] <rkowalick!~rkowalick@ool-ad030c2c.dyn.optonline.net> you need to come up with a battle plan
[26 Dec 21:09] <kisonecat_!~kisonecat@d118-75-47-171.try.wideopenwest.com> Rake task for the exercises should also read the data weights from the problem division.
[26 Dec 21:10] <rkowalick!~rkowalick@ool-ad030c2c.dyn.optonline.net> don't know what that is
[26 Dec 21:12] <kisonecat_!~kisonecat@d118-75-47-171.try.wideopenwest.com> There should be a rake task for populating the database with the contents of the exercise HTML files
[26 Dec 21:13] <rkowalick!~rkowalick@ool-ad030c2c.dyn.optonline.net> so there will be an exercise text field with the html content?
[26 Dec 21:14] <kisonecat_!~kisonecat@d118-75-47-171.try.wideopenwest.com> This needs to store the id of each problem div and also
[26 Dec 21:14] <kisonecat_!~kisonecat@d118-75-47-171.try.wideopenwest.com> The weight of the problem (which is used to determine how often they appear)
[26 Dec 21:15] <kisonecat_!~kisonecat@d118-75-47-171.try.wideopenwest.com> Only the name of the HTML file needs to be stored
[26 Dec 21:16] <kisonecat_!~kisonecat@d118-75-47-171.try.wideopenwest.com> This is just to create entries in the database.
[26 Dec 21:17] <rkowalick!~rkowalick@ool-ad030c2c.dyn.optonline.net> the problem div should be stored, right?
[26 Dec 21:17] <rkowalick!~rkowalick@ool-ad030c2c.dyn.optonline.net> and we can put that is dynamically
[26 Dec 21:17] <rkowalick!~rkowalick@ool-ad030c2c.dyn.optonline.net> ?
[26 Dec 21:17] <rkowalick!~rkowalick@ool-ad030c2c.dyn.optonline.net> that in*
[26 Dec 21:17] <rkowalick!~rkowalick@ool-ad030c2c.dyn.optonline.net> I'm not sure how we will access the different problem divs without such a thing
[26 Dec 21:17] <rkowalick!~rkowalick@ool-ad030c2c.dyn.optonline.net> unless you have an idea
[26 Dec 21:18] <kisonecat_!~kisonecat@d118-75-47-171.try.wideopenwest.com> For each HTML file, create an exercise.  Pa
[26 Dec 21:18] <kisonecat_!~kisonecat@d118-75-47-171.try.wideopenwest.com> Read the HTML with say nokogiri
[26 Dec 21:19] <kisonecat_!~kisonecat@d118-75-47-171.try.wideopenwest.com> For each problem div, add a problem to the exercise 
[26 Dec 21:19] <kisonecat_!~kisonecat@d118-75-47-171.try.wideopenwest.com> The hard part is not to add duplicates.
[26 Dec 21:20] <rkowalick!~rkowalick@ool-ad030c2c.dyn.optonline.net> I think file name for exercises
[26 Dec 21:20] <rkowalick!~rkowalick@ool-ad030c2c.dyn.optonline.net> would be a reasonable way to detect dup's?
[26 Dec 21:20] <kisonecat_!~kisonecat@d118-75-47-171.try.wideopenwest.com> But the filename and div id are unique
[26 Dec 21:20] <kisonecat_!~kisonecat@d118-75-47-171.try.wideopenwest.com> Yeah exactly
[26 Dec 21:20] <rkowalick!~rkowalick@ool-ad030c2c.dyn.optonline.net> so
[26 Dec 21:21] <rkowalick!~rkowalick@ool-ad030c2c.dyn.optonline.net> is there an exercise with this filename
[26 Dec 21:21] <rkowalick!~rkowalick@ool-ad030c2c.dyn.optonline.net> is there problem pointing to this exercise with this div #?
[26 Dec 21:21] <kisonecat_!~kisonecat@d118-75-47-171.try.wideopenwest.com> Right.
[26 Dec 21:22] <kisonecat_!~kisonecat@d118-75-47-171.try.wideopenwest.com> But you also have to handle the case where, say, the weight
[26 Dec 21:22] <kisonecat_!~kisonecat@d118-75-47-171.try.wideopenwest.com> Of a problem changes
[26 Dec 21:22] <rkowalick!~rkowalick@ool-ad030c2c.dyn.optonline.net> so what is weight?
[26 Dec 21:22] <rkowalick!~rkowalick@ool-ad030c2c.dyn.optonline.net> how does it differ from problem to problem?
[26 Dec 21:22] <kisonecat_!~kisonecat@d118-75-47-171.try.wideopenwest.com> Or we add an exercise
[26 Dec 21:23] <kisonecat_!~kisonecat@d118-75-47-171.try.wideopenwest.com> Or a problem to an old exercise
[26 Dec 21:23] <kisonecat_!~kisonecat@d118-75-47-171.try.wideopenwest.com> Weight is an integer
[26 Dec 21:23] <kisonecat_!~kisonecat@d118-75-47-171.try.wideopenwest.com> Which defaults to 1
[26 Dec 21:23] <rkowalick!~rkowalick@ool-ad030c2c.dyn.optonline.net> what does it mean?
[26 Dec 21:23] <steeeeeve!6cd5d44a@gateway/web/freenode/ip.108.213.212.74> weight 2 = twice as often as weight 1
[26 Dec 21:23] <rkowalick!~rkowalick@ool-ad030c2c.dyn.optonline.net> oh
[26 Dec 21:23] <kisonecat_!~kisonecat@d118-75-47-171.try.wideopenwest.com> Right 
[26 Dec 21:24] <kisonecat_!~kisonecat@d118-75-47-171.try.wideopenwest.com> Probably a problem should also have an "extant" flag in case we delete a problem from the HTML.
[26 Dec 21:25] <kisonecat_!~kisonecat@d118-75-47-171.try.wideopenwest.com> Or I guess we do that with weight 0
[26 Dec 21:25] <kisonecat_!~kisonecat@d118-75-47-171.try.wideopenwest.com> The issue is that once we have scores, we cannot delete problems, and therefore we cannot delete exercises either...
[26 Dec 21:26] <kisonecat_!~kisonecat@d118-75-47-171.try.wideopenwest.com> Does this make sense?
[26 Dec 21:26] <rkowalick!~rkowalick@ool-ad030c2c.dyn.optonline.net> hmm
[26 Dec 21:26] <rkowalick!~rkowalick@ool-ad030c2c.dyn.optonline.net> kind of
[26 Dec 21:26] <rkowalick!~rkowalick@ool-ad030c2c.dyn.optonline.net> seems like it will be complicated
[26 Dec 21:27] <rkowalick!~rkowalick@ool-ad030c2c.dyn.optonline.net> seems like being a slave to the single file exercise format is a lot of work
[26 Dec 21:27] <kisonecat_!~kisonecat@d118-75-47-171.try.wideopenwest.com> It is neccessary to load the stuff into the database; I think a rake task is a reasonable way to do it.
[26 Dec 21:27] <kisonecat_!~kisonecat@d118-75-47-171.try.wideopenwest.com> There are big advantages too
[26 Dec 21:27] <kisonecat_!~kisonecat@d118-75-47-171.try.wideopenwest.com> In terms of workflow
[26 Dec 21:29] <kisonecat_!~kisonecat@d118-75-47-171.try.wideopenwest.com> DSLs like this are practically
[26 Dec 21:29] <kisonecat_!~kisonecat@d118-75-47-171.try.wideopenwest.com> The future
[26 Dec 21:29] <kisonecat_!~kisonecat@d118-75-47-171.try.wideopenwest.com> Okay I should give my phone to my daughtet
[26 Dec 21:29] <rkowalick!~rkowalick@ool-ad030c2c.dyn.optonline.net> okay
[26 Dec 21:50] --> kisonecat_ (~kisonecat@d118-75-47-171.try.wideopenwest.com) joined the channel
[26 Dec 21:50] <kisonecat_!~kisonecat@d118-75-47-171.try.wideopenwest.com> I'm back
[26 Dec 21:57] --> kisonecat__ (~kisonecat@1.sub-174-231-15.myvzw.com) joined the channel
[26 Dec 21:57] --> kisonecat_ (~kisonecat@d118-75-47-171.try.wideopenwest.com) joined the channel
[27 Dec 08:10] --> kisonecat__ (~kisonecat@117.sub-174-255-48.myvzw.com) joined the channel
[27 Dec 08:11] --> kisonecat_ (~kisonecat@d118-75-47-171.try.wideopenwest.com) joined the channel
[27 Dec 08:13] --> kisonecat___ (~kisonecat@105.sub-174-231-7.myvzw.com) joined the channel
[27 Dec 08:29] --> kisonecat_ (~kisonecat@179.sub-174-231-12.myvzw.com) joined the channel
[27 Dec 08:45] *** You connected
[27 Dec 09:49] <oxtub!~butsko.7@applog.asc.ohio-state.edu> kisonecat: you around?
[27 Dec 09:57] <kisonecat!~user@compute.math.osu.edu> I'm here, yes.
[27 Dec 09:58] --- oxtub (~butsko.7@applog.asc.ohio-state.edu) changed mode: +o kisonecat
[27 Dec 09:58] <kisonecat!~user@compute.math.osu.edu> Thanks.
[27 Dec 09:58] <oxtub!~butsko.7@applog.asc.ohio-state.edu> Sorry, I seem to have inherited that...didn't mean to steal it.
[27 Dec 09:59] <oxtub!~butsko.7@applog.asc.ohio-state.edu> Is there anything you guys need from us at the moment?
[27 Dec 09:59] <kisonecat!~user@compute.math.osu.edu> I've only recently had irc running constantly.
[27 Dec 09:59] <kisonecat!~user@compute.math.osu.edu> Things are good at the moment; I've got Ryan setting up some of the rake stuff, and this weekend I'll finish off the exercise progression stuff...
[27 Dec 09:59] <kisonecat!~user@compute.math.osu.edu> I've got the Coursera oauth working.
[27 Dec 09:59] <kisonecat!~user@compute.math.osu.edu> I haven't had any chance to think about shib.
[27 Dec 10:14] <oxtub!~butsko.7@applog.asc.ohio-state.edu> I'm not a ton of help. I could make our shibboleth gem work, but I'm not sure how to make it play with other authentication mechanisms.
[27 Dec 10:15] <oxtub!~butsko.7@applog.asc.ohio-state.edu> So, the actual contents of each problem are stored in an individual document on disk?
[27 Dec 10:16] <kisonecat!~user@compute.math.osu.edu> Yeah; related problems are bundled together into what Khan calls an "exercise model."
[27 Dec 10:17] <kisonecat!~user@compute.math.osu.edu> khan-exercise.js loads up these static HTML files, selects the chosen problem from the file, runs some code to randomize the numbers in the problem, and inserts that into the DOM.
[27 Dec 10:19] <kisonecat!~user@compute.math.osu.edu> Let's wait to see if Ryan can get the shibboleth devise gem running.
[27 Dec 11:03] --> Bart__ (8cfe5cd6@gateway/web/freenode/ip.140.254.92.214) joined the channel
[27 Dec 11:03] <Bart__!8cfe5cd6@gateway/web/freenode/ip.140.254.92.214> Hi
[27 Dec 11:05] --> mooculus809 (4086c5cf@gateway/web/freenode/ip.64.134.197.207) joined the channel
[27 Dec 11:05] <kisonecat!~user@compute.math.osu.edu> Hey Bart!
[27 Dec 11:05] <kisonecat!~user@compute.math.osu.edu> How are you?
[27 Dec 11:06] <Bart__!8cfe5cd6@gateway/web/freenode/ip.140.254.92.214> Good 
[27 Dec 11:06] <Bart__!8cfe5cd6@gateway/web/freenode/ip.140.254.92.214> sean and I are here in my office
[27 Dec 11:06] <kisonecat!~user@compute.math.osu.edu> Oh!!  I'm upstairs doing some video effects.
[27 Dec 11:06] <kisonecat!~user@compute.math.osu.edu> I'll stop by at 11:30.
[27 Dec 11:11] --> rkowalick (~rkowalick@ool-ad030c2c.dyn.optonline.net) joined the channel
[27 Dec 11:15] <Bart__!8cfe5cd6@gateway/web/freenode/ip.140.254.92.214> is steve here?
[27 Dec 11:26] <rkowalick!~rkowalick@ool-ad030c2c.dyn.optonline.net> I dont kow
[27 Dec 11:26] <kisonecat!~user@compute.math.osu.edu> I haven't seen Steve.
[27 Dec 11:26] <rkowalick!~rkowalick@ool-ad030c2c.dyn.optonline.net> know
[27 Dec 11:26] <rkowalick!~rkowalick@ool-ad030c2c.dyn.optonline.net> so how are we displaying different problems?
[27 Dec 12:06] <kisonecat!~user@compute.math.osu.edu> khan-exercise.js knows how to display a problem given the execise model HTML filename and the id of the problem div.
[27 Dec 12:06] <kisonecat!~user@compute.math.osu.edu> I'll be able to work on that code this weekend, as well as the "director" which decides which problem to display.
[27 Dec 12:17] <Bart__!8cfe5cd6@gateway/web/freenode/ip.140.254.92.214> some how coursera did not save our reg expression...
[27 Dec 12:17] <Bart__!8cfe5cd6@gateway/web/freenode/ip.140.254.92.214> so here is my attempt:
[27 Dec 12:18] <Bart__!8cfe5cd6@gateway/web/freenode/ip.140.254.92.214> "/^? *x *\+\ *3 *)?$/ "
[27 Dec 12:18] <kisonecat!~user@compute.math.osu.edu> Missing backslash before the close paren?
[27 Dec 12:19] <kisonecat!~user@compute.math.osu.edu> Also ^? should be ^\(?
[27 Dec 12:20] <Bart__!8cfe5cd6@gateway/web/freenode/ip.140.254.92.214> ah - seems to work, let's see if it saved
[27 Dec 12:54] --- oxtub (~butsko.7@applog.asc.ohio-state.edu) changed mode: +o rkowalick
[27 Dec 15:50] <rkowalick!~rkowalick@ool-ad030c2c.dyn.optonline.net> hello
[27 Dec 15:56] <kisonecat!~user@compute.math.osu.edu> Hey Ryan!
[27 Dec 15:56] <rkowalick!~rkowalick@ool-ad030c2c.dyn.optonline.net> how is everything?
[27 Dec 15:57] <kisonecat!~user@compute.math.osu.edu> Pretty great... just shooting video, editing video...
[27 Dec 15:57] <rkowalick!~rkowalick@ool-ad030c2c.dyn.optonline.net> okay
[27 Dec 15:57] <kisonecat!~user@compute.math.osu.edu> I'm probably about ten minutes from another render finishing.
[27 Dec 15:57] <rkowalick!~rkowalick@ool-ad030c2c.dyn.optonline.net> I'm heading back to Columbus tomorrow so I can actually work on the mooculus stuff more regularly
[27 Dec 15:58] <kisonecat!~user@compute.math.osu.edu> I also figured out how to use rake multitasks to use all the cores on compute.math.osu.edu
[27 Dec 15:58] <rkowalick!~rkowalick@ool-ad030c2c.dyn.optonline.net> oh
[27 Dec 15:58] <kisonecat!~user@compute.math.osu.edu> I'll be in the department all day tomorrow, if you want to talk in person.
[27 Dec 15:58] <rkowalick!~rkowalick@ool-ad030c2c.dyn.optonline.net> so you're doing it all in parallel now?
[27 Dec 15:58] <kisonecat!~user@compute.math.osu.edu> Well, not entirely in parallel, but something like a dozen frames at a time.
[27 Dec 15:58] <rkowalick!~rkowalick@ool-ad030c2c.dyn.optonline.net> okay
[27 Dec 15:58] <kisonecat!~user@compute.math.osu.edu> It's faster.
[27 Dec 15:58] <rkowalick!~rkowalick@ool-ad030c2c.dyn.optonline.net> that seems better than the single file stuff from before
[27 Dec 15:59] <rkowalick!~rkowalick@ool-ad030c2c.dyn.optonline.net> I don't know if I can make it to the department tomorrow, but I can try
[27 Dec 15:59] <rkowalick!~rkowalick@ool-ad030c2c.dyn.optonline.net> I'll let you know when I am home on irc or something
[27 Dec 15:59] <rkowalick!~rkowalick@ool-ad030c2c.dyn.optonline.net> I do think a list of things that *must* be done should be made
[27 Dec 15:59] <rkowalick!~rkowalick@ool-ad030c2c.dyn.optonline.net> and as much detail about each of those things as possible
[27 Dec 15:59] <rkowalick!~rkowalick@ool-ad030c2c.dyn.optonline.net> we will almost certainly need to enlist the help of the ASC folks if that is possible
[27 Dec 16:02] <kisonecat!~user@compute.math.osu.edu> Sure, I can get you a list.
[27 Dec 16:02] <kisonecat!~user@compute.math.osu.edu> I'm not expecting the ASC team to do any coding for us---there's really not much more to do.
[27 Dec 16:02] <rkowalick!~rkowalick@ool-ad030c2c.dyn.optonline.net> we don't have access stuff set up
[27 Dec 16:02] <rkowalick!~rkowalick@ool-ad030c2c.dyn.optonline.net> or scoring
[27 Dec 16:02] <rkowalick!~rkowalick@ool-ad030c2c.dyn.optonline.net> or competency
[27 Dec 16:03] <rkowalick!~rkowalick@ool-ad030c2c.dyn.optonline.net> I guess rails should make a lot of that stuff pretty easy to do
[27 Dec 16:03] <kisonecat!~user@compute.math.osu.edu> That won't be hard, and it'll just be a rough draft anyhow, since we won't really know anything until we get data to calibrate it.
[27 Dec 16:03] <rkowalick!~rkowalick@ool-ad030c2c.dyn.optonline.net> Does the coursera login stuff work when linked to mooculus from Coursera?
[27 Dec 16:04] <kisonecat!~user@compute.math.osu.edu> We need to poopulate the database (e.g., the rake task), show a student the list of exercises they've done and how they did, and then let them do exercises.  It amounts to two views.
[27 Dec 16:04] <kisonecat!~user@compute.math.osu.edu> We don't need any access control.
[27 Dec 16:04] <kisonecat!~user@compute.math.osu.edu> I haven't tried that.
[27 Dec 16:04] <rkowalick!~rkowalick@ool-ad030c2c.dyn.optonline.net> okay
[27 Dec 16:04] <rkowalick!~rkowalick@ool-ad030c2c.dyn.optonline.net> sounds pretty simple
[27 Dec 16:04] <rkowalick!~rkowalick@ool-ad030c2c.dyn.optonline.net> If you could spell things out in some kind of document, that would help a lot
[27 Dec 16:04] <rkowalick!~rkowalick@ool-ad030c2c.dyn.optonline.net> Oh, i got my cherry switch keyboard for christmas
[27 Dec 16:04] <kisonecat!~user@compute.math.osu.edu> I can put it in the mooculus repo; I won't be able to do that until Saturday though.
[27 Dec 16:05] <kisonecat!~user@compute.math.osu.edu> Oh that's awesome!
[27 Dec 16:05] <rkowalick!~rkowalick@ool-ad030c2c.dyn.optonline.net> no number pad
[27 Dec 16:05] <rkowalick!~rkowalick@ool-ad030c2c.dyn.optonline.net> which i like
[27 Dec 16:05] <kisonecat!~user@compute.math.osu.edu> I'm going to keep shooting video; I'll talk to you soon.
[27 Dec 16:05] <rkowalick!~rkowalick@ool-ad030c2c.dyn.optonline.net> okay
[27 Dec 16:05] <rkowalick!~rkowalick@ool-ad030c2c.dyn.optonline.net> see ya soon.
[27 Dec 16:05] <rkowalick!~rkowalick@ool-ad030c2c.dyn.optonline.net> irc is great btw
[27 Dec 17:43] *** You disconnected
[27 Dec 18:01] --> rkowalick (~rkowalick@ool-ad030c2c.dyn.optonline.net) joined the channel
[27 Dec 18:56] --> kisonecat_ (~kisonecat@d118-75-47-171.try.wideopenwest.com) joined the channel
[27 Dec 19:07] --> kisonecat__ (~kisonecat@81.sub-174-252-217.myvzw.com) joined the channel
[27 Dec 20:33] --> kisonecat_ (~kisonecat@d118-75-47-171.try.wideopenwest.com) joined the channel
[27 Dec 20:52] --> rkowalick (~rkowalick@ool-ad030c2c.dyn.optonline.net) joined the channel
[27 Dec 22:37] <rkowalick!~rkowalick@ool-ad030c2c.dyn.optonline.net> Jim, I'm making progress on the rake task
[27 Dec 22:37] <rkowalick!~rkowalick@ool-ad030c2c.dyn.optonline.net> It generates exercises using the page name as the way to detect duplicates.
[27 Dec 22:38] <rkowalick!~rkowalick@ool-ad030c2c.dyn.optonline.net> there is a great method find_or_create_by_page that allows me to do this very easily.
[27 Dec 22:38] <rkowalick!~rkowalick@ool-ad030c2c.dyn.optonline.net> I need to work out the problem generation though
[27 Dec 22:38] <rkowalick!~rkowalick@ool-ad030c2c.dyn.optonline.net> I would also like to know what to do with each problem div
[27 Dec 22:38] <rkowalick!~rkowalick@ool-ad030c2c.dyn.optonline.net> should the problem objects store what is inside this div?
[27 Dec 22:39] <rkowalick!~rkowalick@ool-ad030c2c.dyn.optonline.net> and then we can dynamically substitute in the correct problem into the exercise show view?
[27 Dec 22:39] <rkowalick!~rkowalick@ool-ad030c2c.dyn.optonline.net> email me to let me know what you would like me to do
[28 Dec 08:34] --> kisonecat__ (~kisonecat@175.sub-174-252-209.myvzw.com) joined the channel
[28 Dec 09:00] --> kisonecat_ (~kisonecat@252.sub-174-252-214.myvzw.com) joined the channel
[28 Dec 09:01] --> kisonecat___ (~kisonecat@dhcp-140-254-184-90.osuwireless.ohio-state.edu) joined the channel
[28 Dec 09:02] --> kisonecat__ (~kisonecat@dhcp-140-254-184-90.osuwireless.ohio-state.edu) joined the channel
[28 Dec 09:03] --> kisonecat___ (~kisonecat@dhcp-140-254-184-90.osuwireless.ohio-state.edu) joined the channel
[28 Dec 10:01] *** You connected
[28 Dec 10:35] --> stevenGubkin (4b0a8fef@gateway/web/freenode/ip.75.10.143.239) joined the channel
[28 Dec 10:36] <stevenGubkin!4b0a8fef@gateway/web/freenode/ip.75.10.143.239> who is oxtub?
[28 Dec 10:46] <stevenGubkin!4b0a8fef@gateway/web/freenode/ip.75.10.143.239> Are you there Jim?
[28 Dec 10:46] <stevenGubkin!4b0a8fef@gateway/web/freenode/ip.75.10.143.239> Could you take a look at limitsSymbolic and see if you can come up with any more types of limit problems?  If you let me know I will write them.
[28 Dec 10:47] <stevenGubkin!4b0a8fef@gateway/web/freenode/ip.75.10.143.239> Once I have all the types in place, I will make some more problems of each of those types that have some errors
[28 Dec 10:47] <stevenGubkin!4b0a8fef@gateway/web/freenode/ip.75.10.143.239> The other thing is figuring out how to make those checkmarks and xs
[28 Dec 10:47] <stevenGubkin!4b0a8fef@gateway/web/freenode/ip.75.10.143.239> nothing I have tried has worked
[28 Dec 12:57] <stevenGubkin!4b0a8fef@gateway/web/freenode/ip.75.10.143.239> Anyone on here?
[01 Jan 09:30] *** You disconnected
[01 Jan 09:30] *** You connected
