\BOOKMARK [0][-]{chapter.1}{\376\377\000L\000i\000m\000i\000t\000s}{}% 1
\BOOKMARK [1][-]{section.1.1}{\376\377\000F\000u\000n\000c\000t\000i\000o\000n\000s}{chapter.1}% 2
\BOOKMARK [1][-]{section.1.2}{\376\377\000T\000h\000e\000\040\000B\000a\000s\000i\000c\000\040\000I\000d\000e\000a\000s\000\040\000o\000f\000\040\000L\000i\000m\000i\000t\000s}{chapter.1}% 3
\BOOKMARK [1][-]{section.1.3}{\376\377\000L\000i\000m\000i\000t\000s\000\040\000b\000y\000\040\000t\000h\000e\000\040\000D\000e\000f\000i\000n\000i\000t\000i\000o\000n}{chapter.1}% 4
\BOOKMARK [1][-]{section.1.4}{\376\377\000L\000i\000m\000i\000t\000\040\000L\000a\000w\000s}{chapter.1}% 5
\BOOKMARK [1][-]{section.1.5}{\376\377\000L\000i\000m\000i\000t\000s\000\040\000t\000o\000\040\000a\000n\000d\000\040\000f\000r\000o\000m\000\040\000I\000n\000f\000i\000n\000i\000t\000y}{chapter.1}% 6
\BOOKMARK [0][-]{chapter.2}{\376\377\000A\000n\000a\000l\000y\000t\000i\000c\000\040\000G\000e\000o\000m\000e\000t\000r\000y}{}% 7
\BOOKMARK [1][-]{section.2.1}{\376\377\000L\000i\000n\000e\000s}{chapter.2}% 8
\BOOKMARK [1][-]{section.2.2}{\376\377\000D\000i\000s\000t\000a\000n\000c\000e\000\040\000B\000e\000t\000w\000e\000e\000n\000\040\000T\000w\000o\000\040\000P\000o\000i\000n\000t\000s\000;\000\040\000C\000i\000r\000c\000l\000e\000s}{chapter.2}% 9
\BOOKMARK [1][-]{section.2.3}{\376\377\000F\000u\000n\000c\000t\000i\000o\000n\000s}{chapter.2}% 10
\BOOKMARK [1][-]{section.2.4}{\376\377\000S\000h\000i\000f\000t\000s\000\040\000a\000n\000d\000\040\000D\000i\000l\000a\000t\000i\000o\000n\000s}{chapter.2}% 11
\BOOKMARK [0][-]{chapter.3}{\376\377\000I\000n\000s\000t\000a\000n\000t\000a\000n\000e\000o\000u\000s\000\040\000R\000a\000t\000e\000\040\000o\000f\000\040\000C\000h\000a\000n\000g\000e\000:\000\040\000T\000h\000e\000\040\000D\000e\000r\000i\000v\000a\000t\000i\000v\000e}{}% 12
\BOOKMARK [1][-]{section.3.1}{\376\377\000T\000h\000e\000\040\000s\000l\000o\000p\000e\000\040\000o\000f\000\040\000a\000\040\000f\000u\000n\000c\000t\000i\000o\000n}{chapter.3}% 13
\BOOKMARK [1][-]{section.3.2}{\376\377\000A\000n\000\040\000e\000x\000a\000m\000p\000l\000e}{chapter.3}% 14
\BOOKMARK [1][-]{section.3.3}{\376\377\000L\000i\000m\000i\000t\000s}{chapter.3}% 15
\BOOKMARK [1][-]{section.3.4}{\376\377\000T\000h\000e\000\040\000D\000e\000r\000i\000v\000a\000t\000i\000v\000e\000\040\000F\000u\000n\000c\000t\000i\000o\000n}{chapter.3}% 16
\BOOKMARK [1][-]{section.3.5}{\376\377\000A\000d\000j\000e\000c\000t\000i\000v\000e\000s\000\040\000F\000o\000r\000\040\000F\000u\000n\000c\000t\000i\000o\000n\000s}{chapter.3}% 17
\BOOKMARK [0][-]{chapter.4}{\376\377\000R\000u\000l\000e\000s\000\040\000f\000o\000r\000\040\000F\000i\000n\000d\000i\000n\000g\000\040\000D\000e\000r\000i\000v\000a\000t\000i\000v\000e\000s}{}% 18
\BOOKMARK [1][-]{section.4.1}{\376\377\000T\000h\000e\000\040\000P\000o\000w\000e\000r\000\040\000R\000u\000l\000e}{chapter.4}% 19
\BOOKMARK [1][-]{section.4.2}{\376\377\000L\000i\000n\000e\000a\000r\000i\000t\000y\000\040\000o\000f\000\040\000t\000h\000e\000\040\000D\000e\000r\000i\000v\000a\000t\000i\000v\000e}{chapter.4}% 20
\BOOKMARK [1][-]{section.4.3}{\376\377\000T\000h\000e\000\040\000P\000r\000o\000d\000u\000c\000t\000\040\000R\000u\000l\000e}{chapter.4}% 21
\BOOKMARK [1][-]{section.4.4}{\376\377\000T\000h\000e\000\040\000Q\000u\000o\000t\000i\000e\000n\000t\000\040\000R\000u\000l\000e}{chapter.4}% 22
\BOOKMARK [1][-]{section.4.5}{\376\377\000T\000h\000e\000\040\000C\000h\000a\000i\000n\000\040\000R\000u\000l\000e}{chapter.4}% 23
\BOOKMARK [0][-]{chapter.5}{\376\377\000T\000r\000a\000n\000s\000c\000e\000n\000d\000e\000n\000t\000a\000l\000\040\000F\000u\000n\000c\000t\000i\000o\000n\000s}{}% 24
\BOOKMARK [1][-]{section.5.1}{\376\377\000T\000r\000i\000g\000o\000n\000o\000m\000e\000t\000r\000i\000c\000\040\000F\000u\000n\000c\000t\000i\000o\000n\000s}{chapter.5}% 25
\BOOKMARK [1][-]{section.5.2}{\376\377\000T\000h\000e\000\040\000D\000e\000r\000i\000v\000a\000t\000i\000v\000e\000\040\000o\000f\000\040\000s\000i\000n\000x}{chapter.5}% 26
\BOOKMARK [1][-]{section.5.3}{\376\377\000A\000\040\000h\000a\000r\000d\000\040\000l\000i\000m\000i\000t}{chapter.5}% 27
\BOOKMARK [1][-]{section.5.4}{\376\377\000T\000h\000e\000\040\000D\000e\000r\000i\000v\000a\000t\000i\000v\000e\000\040\000o\000f\000\040\000s\000i\000n\000x\000,\000\040\000c\000o\000n\000t\000i\000n\000u\000e\000d}{chapter.5}% 28
\BOOKMARK [1][-]{section.5.5}{\376\377\000D\000e\000r\000i\000v\000a\000t\000i\000v\000e\000s\000\040\000o\000f\000\040\000t\000h\000e\000\040\000T\000r\000i\000g\000o\000n\000o\000m\000e\000t\000r\000i\000c\000\040\000F\000u\000n\000c\000t\000i\000o\000n\000s}{chapter.5}% 29
\BOOKMARK [1][-]{section.5.6}{\376\377\000E\000x\000p\000o\000n\000e\000n\000t\000i\000a\000l\000\040\000a\000n\000d\000\040\000L\000o\000g\000a\000r\000i\000t\000h\000m\000i\000c\000\040\000f\000u\000n\000c\000t\000i\000o\000n\000s}{chapter.5}% 30
\BOOKMARK [1][-]{section.5.7}{\376\377\000D\000e\000r\000i\000v\000a\000t\000i\000v\000e\000s\000\040\000o\000f\000\040\000t\000h\000e\000\040\000e\000x\000p\000o\000n\000e\000n\000t\000i\000a\000l\000\040\000a\000n\000d\000\040\000l\000o\000g\000a\000r\000i\000t\000h\000m\000i\000c\000\040\000f\000u\000n\000c\000t\000i\000o\000n\000s}{chapter.5}% 31
\BOOKMARK [1][-]{section.5.8}{\376\377\000I\000m\000p\000l\000i\000c\000i\000t\000\040\000D\000i\000f\000f\000e\000r\000e\000n\000t\000i\000a\000t\000i\000o\000n}{chapter.5}% 32
\BOOKMARK [1][-]{section.5.9}{\376\377\000I\000n\000v\000e\000r\000s\000e\000\040\000T\000r\000i\000g\000o\000n\000o\000m\000e\000t\000r\000i\000c\000\040\000F\000u\000n\000c\000t\000i\000o\000n\000s}{chapter.5}% 33
\BOOKMARK [1][-]{section.5.10}{\376\377\000L\000i\000m\000i\000t\000s\000\040\000r\000e\000v\000i\000s\000i\000t\000e\000d}{chapter.5}% 34
\BOOKMARK [1][-]{section.5.11}{\376\377\000H\000y\000p\000e\000r\000b\000o\000l\000i\000c\000\040\000F\000u\000n\000c\000t\000i\000o\000n\000s}{chapter.5}% 35
\BOOKMARK [0][-]{chapter.6}{\376\377\000C\000u\000r\000v\000e\000\040\000S\000k\000e\000t\000c\000h\000i\000n\000g}{}% 36
\BOOKMARK [1][-]{section.6.1}{\376\377\000M\000a\000x\000i\000m\000a\000\040\000a\000n\000d\000\040\000M\000i\000n\000i\000m\000a}{chapter.6}% 37
\BOOKMARK [1][-]{section.6.2}{\376\377\000T\000h\000e\000\040\000f\000i\000r\000s\000t\000\040\000d\000e\000r\000i\000v\000a\000t\000i\000v\000e\000\040\000t\000e\000s\000t}{chapter.6}% 38
\BOOKMARK [1][-]{section.6.3}{\376\377\000T\000h\000e\000\040\000s\000e\000c\000o\000n\000d\000\040\000d\000e\000r\000i\000v\000a\000t\000i\000v\000e\000\040\000t\000e\000s\000t}{chapter.6}% 39
\BOOKMARK [1][-]{section.6.4}{\376\377\000C\000o\000n\000c\000a\000v\000i\000t\000y\000\040\000a\000n\000d\000\040\000i\000n\000f\000l\000e\000c\000t\000i\000o\000n\000\040\000p\000o\000i\000n\000t\000s}{chapter.6}% 40
\BOOKMARK [1][-]{section.6.5}{\376\377\000A\000s\000y\000m\000p\000t\000o\000t\000e\000s\000\040\000a\000n\000d\000\040\000O\000t\000h\000e\000r\000\040\000T\000h\000i\000n\000g\000s\000\040\000t\000o\000\040\000L\000o\000o\000k\000\040\000F\000o\000r}{chapter.6}% 41
